TAKE:RED
TAKE:RED
TAKE:RED
TAKE:RED
TAKE:RED
TAKE:RED
TAKE:RED
TAKE:RED
TAKE:RED
TAKE:RED
TAKE:RED
TAKE:RED
TAKE:RED
TAKE:RED
TAKE:RED
TAKE:RED
TAKE:RED
TAKE:RED
TAKE:RED
TAKE:RED
TAKE:RED
TAKE:RED
TAKE:RED
TAKE:RED
TAKE:RED
TAKE:RED
TAKE:RED
TAKE:RED
TAKE:RED
TAKE:RED
TAKE:BLUE
TAKE:BLUE
TAKE:BLUE
TAKE:BLUE
TAKE:BLUE
TAKE:BLUE
TAKE:BLUE
TAKE:BLUE
TAKE:BLUE
TAKE:BLUE
TAKE:BLUE
TAKE:BLUE
TAKE:BLUE
TAKE:BLUE
TAKE:BLUE
TAKE:BLUE
TAKE:BLUE
TAKE:BLUE
TAKE:BLUE
TAKE:BLUE
TAKE:BLUE
TAKE:BLUE
TAKE:BLUE
TAKE:BLUE
TAKE:BLUE
TAKE:BLUE
TAKE:BLUE
TAKE:BLUE
TAKE:BLUE
TAKE:BLUE
TAKE:BLUE
TAKE:BLUE
TAKE:BLUE
TAKE:BLUE
TAKE:GREEN
TAKE:GREEN
TAKE:GREEN
TAKE:GREEN
TAKE:GREEN
TAKE:GREEN
TAKE:GREEN
TAKE:GREEN
TAKE:GREEN
TAKE:GREEN
TAKE:GREEN
TAKE:GREEN
TAKE:GREEN
TAKE:GREEN
TAKE:GREEN
TAKE:GREEN
TAKE:GREEN
TAKE:GREEN
TAKE:GREEN
TAKE:GREEN
TAKE:GREEN
TAKE:GREEN
TAKE:GREEN
TAKE:GREEN
TAKE:GREEN
TAKE:GREEN
TAKE:GREEN
TAKE:GREEN
TAKE:GREEN
TAKE:GREEN
TAKE:GREEN
TAKE:GREEN
TAKE:GREEN
TAKE:GREEN
TAKE:GREEN
TAKE:BLACK
TAKE:WHITE
TAKE:WHITE
TAKE:WHITE
TAKE:WHITE
TAKE:WHITE
TAKE:WHITE
TAKE:WHITE
TAKE:WHITE
TAKE:WHITE
TAKE:WHITE
TAKE:WHITE
TAKE:WHITE
TAKE:WHITE
TAKE:WHITE
TAKE:WHITE
TAKE:WHITE
TAKE:WHITE
TAKE:WHITE
TAKE:WHITE
TAKE:WHITE
TAKE:WHITE
TAKE:WHITE
TAKE:WHITE
TAKE:WHITE
TAKE:WHITE
TAKE:WHITE
TAKE:WHITE
TAKE:BLACK
TAKE:BLACK
TAKE:BLACK
TAKE:BLACK
TAKE:BLACK
TAKE:BLACK
TAKE:BLACK
TAKE:BLACK
TAKE:BLACK
TAKE:BLACK
TAKE:BLACK
TAKE:BLACK
TAKE:BLACK
TAKE:BLACK
TAKE:BLACK
TAKE:BLACK
TAKE:BLACK
TAKE:BLACK
TAKE:BLACK
TAKE:BLACK
TAKE:BLACK
TAKE:BLACK
TAKE:BLACK
TAKE:BLACK
TAKE:BLACK
TAKE:BLACK
TAKE:BLACK
TAKE:BLACK
TAKE:BLACK
TAKE:BLACK
TAKE:BLACK
TAKE:BLACK
TAKE:BLACK
TAKE:BLACK
TAKE:BLACK
TAKE:BLACK
TAKE:BLACK
TAKE:BLACK
TAKE:BLACK
TAKE:BLACK
TAKE:BLACK
TAKE:BLACK
BUY:C01
BUY:C02
BUY:C03
BUY:C04
BUY:C05
BUY:C10
BUY:C15
BUY:C06
BUY:C14
BUY:C07
BUY:C13
BUY:C08
BUY:C12
BUY:C09
BUY:C11
